Performing C SOURCE FILE Test proc_found_avx failed with the following compile output:
Change Dir: /home/dongruishen/scarab/src/build/opt/CMakeFiles/CMakeTmp

Run Build Command(s):/usr/bin/make cmTC_4108a/fast && make[1]: Entering directory '/home/dongruishen/scarab/src/build/opt/CMakeFiles/CMakeTmp'
/usr/bin/make -f CMakeFiles/cmTC_4108a.dir/build.make CMakeFiles/cmTC_4108a.dir/build
make[2]: Entering directory '/home/dongruishen/scarab/src/build/opt/CMakeFiles/CMakeTmp'
Building C object CMakeFiles/cmTC_4108a.dir/src.c.o
/usr/bin/gcc   -Dproc_found_avx -mavx   -o CMakeFiles/cmTC_4108a.dir/src.c.o   -c /home/dongruishen/scarab/src/build/opt/CMakeFiles/CMakeTmp/src.c
Linking C executable cmTC_4108a
/usr/bin/cmake -E cmake_link_script CMakeFiles/cmTC_4108a.dir/link.txt --verbose=1
/usr/bin/gcc   -Dproc_found_avx -mavx    CMakeFiles/cmTC_4108a.dir/src.c.o  -o cmTC_4108a 
make[2]: Leaving directory '/home/dongruishen/scarab/src/build/opt/CMakeFiles/CMakeTmp'
make[1]: Leaving directory '/home/dongruishen/scarab/src/build/opt/CMakeFiles/CMakeTmp'


...and run output:
Illegal instruction
Return value: FAILED_TO_RUN
Source file was:
#include <immintrin.h>
                int main() {
                  register __m256 ymm0 asm("ymm0");
                  (void)ymm0;
                  asm volatile("vmovdqu %ymm0, %ymm1");
                  return 0;
                }
Performing C SOURCE FILE Test proc_found_avx2 failed with the following compile output:
Change Dir: /home/dongruishen/scarab/src/build/opt/CMakeFiles/CMakeTmp

Run Build Command(s):/usr/bin/make cmTC_4645d/fast && make[1]: Entering directory '/home/dongruishen/scarab/src/build/opt/CMakeFiles/CMakeTmp'
/usr/bin/make -f CMakeFiles/cmTC_4645d.dir/build.make CMakeFiles/cmTC_4645d.dir/build
make[2]: Entering directory '/home/dongruishen/scarab/src/build/opt/CMakeFiles/CMakeTmp'
Building C object CMakeFiles/cmTC_4645d.dir/src.c.o
/usr/bin/gcc   -Dproc_found_avx2 -mavx2 -mbmi2   -o CMakeFiles/cmTC_4645d.dir/src.c.o   -c /home/dongruishen/scarab/src/build/opt/CMakeFiles/CMakeTmp/src.c
Linking C executable cmTC_4645d
/usr/bin/cmake -E cmake_link_script CMakeFiles/cmTC_4645d.dir/link.txt --verbose=1
/usr/bin/gcc   -Dproc_found_avx2 -mavx2 -mbmi2    CMakeFiles/cmTC_4645d.dir/src.c.o  -o cmTC_4645d 
make[2]: Leaving directory '/home/dongruishen/scarab/src/build/opt/CMakeFiles/CMakeTmp'
make[1]: Leaving directory '/home/dongruishen/scarab/src/build/opt/CMakeFiles/CMakeTmp'


...and run output:
Illegal instruction
Return value: FAILED_TO_RUN
Source file was:
#include <immintrin.h>
                int main() {
                  register __m256 ymm0 asm("ymm0");
                  (void)ymm0;
                  asm volatile("vpsravd %ymm0, %ymm1, %ymm0");
                  return 0;
                }
Performing C SOURCE FILE Test proc_found_avx512 failed with the following compile output:
Change Dir: /home/dongruishen/scarab/src/build/opt/CMakeFiles/CMakeTmp

Run Build Command(s):/usr/bin/make cmTC_f928f/fast && make[1]: Entering directory '/home/dongruishen/scarab/src/build/opt/CMakeFiles/CMakeTmp'
/usr/bin/make -f CMakeFiles/cmTC_f928f.dir/build.make CMakeFiles/cmTC_f928f.dir/build
make[2]: Entering directory '/home/dongruishen/scarab/src/build/opt/CMakeFiles/CMakeTmp'
Building C object CMakeFiles/cmTC_f928f.dir/src.c.o
/usr/bin/gcc   -Dproc_found_avx512 -mavx512f   -o CMakeFiles/cmTC_f928f.dir/src.c.o   -c /home/dongruishen/scarab/src/build/opt/CMakeFiles/CMakeTmp/src.c
Linking C executable cmTC_f928f
/usr/bin/cmake -E cmake_link_script CMakeFiles/cmTC_f928f.dir/link.txt --verbose=1
/usr/bin/gcc   -Dproc_found_avx512 -mavx512f    CMakeFiles/cmTC_f928f.dir/src.c.o  -o cmTC_f928f 
make[2]: Leaving directory '/home/dongruishen/scarab/src/build/opt/CMakeFiles/CMakeTmp'
make[1]: Leaving directory '/home/dongruishen/scarab/src/build/opt/CMakeFiles/CMakeTmp'


...and run output:
Illegal instruction
Return value: FAILED_TO_RUN
Source file was:
#include <immintrin.h>
                   int main() {
                     register __m512 zmm0 asm("zmm0");
                     (void)zmm0;
                     asm volatile("vmovdqu64 %zmm0, %zmm1");
                     return 0;
                   }
Determining size of bool failed with the following output:
Change Dir: /home/dongruishen/scarab/src/build/opt/CMakeFiles/CMakeTmp

Run Build Command(s):/usr/bin/make cmTC_303d7/fast && make[1]: Entering directory '/home/dongruishen/scarab/src/build/opt/CMakeFiles/CMakeTmp'
/usr/bin/make -f CMakeFiles/cmTC_303d7.dir/build.make CMakeFiles/cmTC_303d7.dir/build
make[2]: Entering directory '/home/dongruishen/scarab/src/build/opt/CMakeFiles/CMakeTmp'
Building C object CMakeFiles/cmTC_303d7.dir/DR_DO_NOT_DEFINE_bool.c.o
/usr/bin/gcc    -o CMakeFiles/cmTC_303d7.dir/DR_DO_NOT_DEFINE_bool.c.o   -c /home/dongruishen/scarab/src/build/opt/CMakeFiles/CheckTypeSize/DR_DO_NOT_DEFINE_bool.c
/home/dongruishen/scarab/src/build/opt/CMakeFiles/CheckTypeSize/DR_DO_NOT_DEFINE_bool.c:23:22: error: 'bool' undeclared here (not in a function)
   23 | #define SIZE (sizeof(bool))
      |                      ^~~~
/home/dongruishen/scarab/src/build/opt/CMakeFiles/CheckTypeSize/DR_DO_NOT_DEFINE_bool.c:25:12: note: in expansion of macro 'SIZE'
   25 |   ('0' + ((SIZE / 10000)%10)),
      |            ^~~~
make[2]: *** [CMakeFiles/cmTC_303d7.dir/build.make:66: CMakeFiles/cmTC_303d7.dir/DR_DO_NOT_DEFINE_bool.c.o] Error 1
make[2]: Leaving directory '/home/dongruishen/scarab/src/build/opt/CMakeFiles/CMakeTmp'
make[1]: *** [Makefile:121: cmTC_303d7/fast] Error 2
make[1]: Leaving directory '/home/dongruishen/scarab/src/build/opt/CMakeFiles/CMakeTmp'


/home/dongruishen/scarab/src/build/opt/CMakeFiles/CheckTypeSize/DR_DO_NOT_DEFINE_bool.c:
#include <sys/types.h>
#include <stdint.h>
#include <stddef.h>


#undef KEY
#if defined(__i386)
# define KEY '_','_','i','3','8','6'
#elif defined(__x86_64)
# define KEY '_','_','x','8','6','_','6','4'
#elif defined(__ppc__)
# define KEY '_','_','p','p','c','_','_'
#elif defined(__ppc64__)
# define KEY '_','_','p','p','c','6','4','_','_'
#elif defined(__aarch64__)
# define KEY '_','_','a','a','r','c','h','6','4','_','_'
#elif defined(__ARM_ARCH_7A__)
# define KEY '_','_','A','R','M','_','A','R','C','H','_','7','A','_','_'
#elif defined(__ARM_ARCH_7S__)
# define KEY '_','_','A','R','M','_','A','R','C','H','_','7','S','_','_'
#endif

#define SIZE (sizeof(bool))
static char info_size[] =  {'I', 'N', 'F', 'O', ':', 's','i','z','e','[',
  ('0' + ((SIZE / 10000)%10)),
  ('0' + ((SIZE / 1000)%10)),
  ('0' + ((SIZE / 100)%10)),
  ('0' + ((SIZE / 10)%10)),
  ('0' +  (SIZE    % 10)),
  ']',
#ifdef KEY
  ' ','k','e','y','[', KEY, ']',
#endif
  '\0'};

#ifdef __CLASSIC_C__
int main(argc, argv) int argc; char *argv[];
#else
int main(int argc, char *argv[])
#endif
{
  int require = 0;
  require += info_size[argc];
  (void)argv;
  return require;
}


Determining size of byte failed with the following output:
Change Dir: /home/dongruishen/scarab/src/build/opt/CMakeFiles/CMakeTmp

Run Build Command(s):/usr/bin/make cmTC_c2a04/fast && make[1]: Entering directory '/home/dongruishen/scarab/src/build/opt/CMakeFiles/CMakeTmp'
/usr/bin/make -f CMakeFiles/cmTC_c2a04.dir/build.make CMakeFiles/cmTC_c2a04.dir/build
make[2]: Entering directory '/home/dongruishen/scarab/src/build/opt/CMakeFiles/CMakeTmp'
Building C object CMakeFiles/cmTC_c2a04.dir/DR_DO_NOT_DEFINE_byte.c.o
/usr/bin/gcc    -o CMakeFiles/cmTC_c2a04.dir/DR_DO_NOT_DEFINE_byte.c.o   -c /home/dongruishen/scarab/src/build/opt/CMakeFiles/CheckTypeSize/DR_DO_NOT_DEFINE_byte.c
/home/dongruishen/scarab/src/build/opt/CMakeFiles/CheckTypeSize/DR_DO_NOT_DEFINE_byte.c:23:22: error: 'byte' undeclared here (not in a function)
   23 | #define SIZE (sizeof(byte))
      |                      ^~~~
/home/dongruishen/scarab/src/build/opt/CMakeFiles/CheckTypeSize/DR_DO_NOT_DEFINE_byte.c:25:12: note: in expansion of macro 'SIZE'
   25 |   ('0' + ((SIZE / 10000)%10)),
      |            ^~~~
make[2]: *** [CMakeFiles/cmTC_c2a04.dir/build.make:66: CMakeFiles/cmTC_c2a04.dir/DR_DO_NOT_DEFINE_byte.c.o] Error 1
make[2]: Leaving directory '/home/dongruishen/scarab/src/build/opt/CMakeFiles/CMakeTmp'
make[1]: *** [Makefile:121: cmTC_c2a04/fast] Error 2
make[1]: Leaving directory '/home/dongruishen/scarab/src/build/opt/CMakeFiles/CMakeTmp'


/home/dongruishen/scarab/src/build/opt/CMakeFiles/CheckTypeSize/DR_DO_NOT_DEFINE_byte.c:
#include <sys/types.h>
#include <stdint.h>
#include <stddef.h>


#undef KEY
#if defined(__i386)
# define KEY '_','_','i','3','8','6'
#elif defined(__x86_64)
# define KEY '_','_','x','8','6','_','6','4'
#elif defined(__ppc__)
# define KEY '_','_','p','p','c','_','_'
#elif defined(__ppc64__)
# define KEY '_','_','p','p','c','6','4','_','_'
#elif defined(__aarch64__)
# define KEY '_','_','a','a','r','c','h','6','4','_','_'
#elif defined(__ARM_ARCH_7A__)
# define KEY '_','_','A','R','M','_','A','R','C','H','_','7','A','_','_'
#elif defined(__ARM_ARCH_7S__)
# define KEY '_','_','A','R','M','_','A','R','C','H','_','7','S','_','_'
#endif

#define SIZE (sizeof(byte))
static char info_size[] =  {'I', 'N', 'F', 'O', ':', 's','i','z','e','[',
  ('0' + ((SIZE / 10000)%10)),
  ('0' + ((SIZE / 1000)%10)),
  ('0' + ((SIZE / 100)%10)),
  ('0' + ((SIZE / 10)%10)),
  ('0' +  (SIZE    % 10)),
  ']',
#ifdef KEY
  ' ','k','e','y','[', KEY, ']',
#endif
  '\0'};

#ifdef __CLASSIC_C__
int main(argc, argv) int argc; char *argv[];
#else
int main(int argc, char *argv[])
#endif
{
  int require = 0;
  require += info_size[argc];
  (void)argv;
  return require;
}


Determining size of sbyte failed with the following output:
Change Dir: /home/dongruishen/scarab/src/build/opt/CMakeFiles/CMakeTmp

Run Build Command(s):/usr/bin/make cmTC_194f7/fast && make[1]: Entering directory '/home/dongruishen/scarab/src/build/opt/CMakeFiles/CMakeTmp'
/usr/bin/make -f CMakeFiles/cmTC_194f7.dir/build.make CMakeFiles/cmTC_194f7.dir/build
make[2]: Entering directory '/home/dongruishen/scarab/src/build/opt/CMakeFiles/CMakeTmp'
Building C object CMakeFiles/cmTC_194f7.dir/DR_DO_NOT_DEFINE_sbyte.c.o
/usr/bin/gcc    -o CMakeFiles/cmTC_194f7.dir/DR_DO_NOT_DEFINE_sbyte.c.o   -c /home/dongruishen/scarab/src/build/opt/CMakeFiles/CheckTypeSize/DR_DO_NOT_DEFINE_sbyte.c
/home/dongruishen/scarab/src/build/opt/CMakeFiles/CheckTypeSize/DR_DO_NOT_DEFINE_sbyte.c:23:22: error: 'sbyte' undeclared here (not in a function)
   23 | #define SIZE (sizeof(sbyte))
      |                      ^~~~~
/home/dongruishen/scarab/src/build/opt/CMakeFiles/CheckTypeSize/DR_DO_NOT_DEFINE_sbyte.c:25:12: note: in expansion of macro 'SIZE'
   25 |   ('0' + ((SIZE / 10000)%10)),
      |            ^~~~
make[2]: *** [CMakeFiles/cmTC_194f7.dir/build.make:66: CMakeFiles/cmTC_194f7.dir/DR_DO_NOT_DEFINE_sbyte.c.o] Error 1
make[2]: Leaving directory '/home/dongruishen/scarab/src/build/opt/CMakeFiles/CMakeTmp'
make[1]: *** [Makefile:121: cmTC_194f7/fast] Error 2
make[1]: Leaving directory '/home/dongruishen/scarab/src/build/opt/CMakeFiles/CMakeTmp'


/home/dongruishen/scarab/src/build/opt/CMakeFiles/CheckTypeSize/DR_DO_NOT_DEFINE_sbyte.c:
#include <sys/types.h>
#include <stdint.h>
#include <stddef.h>


#undef KEY
#if defined(__i386)
# define KEY '_','_','i','3','8','6'
#elif defined(__x86_64)
# define KEY '_','_','x','8','6','_','6','4'
#elif defined(__ppc__)
# define KEY '_','_','p','p','c','_','_'
#elif defined(__ppc64__)
# define KEY '_','_','p','p','c','6','4','_','_'
#elif defined(__aarch64__)
# define KEY '_','_','a','a','r','c','h','6','4','_','_'
#elif defined(__ARM_ARCH_7A__)
# define KEY '_','_','A','R','M','_','A','R','C','H','_','7','A','_','_'
#elif defined(__ARM_ARCH_7S__)
# define KEY '_','_','A','R','M','_','A','R','C','H','_','7','S','_','_'
#endif

#define SIZE (sizeof(sbyte))
static char info_size[] =  {'I', 'N', 'F', 'O', ':', 's','i','z','e','[',
  ('0' + ((SIZE / 10000)%10)),
  ('0' + ((SIZE / 1000)%10)),
  ('0' + ((SIZE / 100)%10)),
  ('0' + ((SIZE / 10)%10)),
  ('0' +  (SIZE    % 10)),
  ']',
#ifdef KEY
  ' ','k','e','y','[', KEY, ']',
#endif
  '\0'};

#ifdef __CLASSIC_C__
int main(argc, argv) int argc; char *argv[];
#else
int main(int argc, char *argv[])
#endif
{
  int require = 0;
  require += info_size[argc];
  (void)argv;
  return require;
}


Determining size of uint32 failed with the following output:
Change Dir: /home/dongruishen/scarab/src/build/opt/CMakeFiles/CMakeTmp

Run Build Command(s):/usr/bin/make cmTC_63f32/fast && make[1]: Entering directory '/home/dongruishen/scarab/src/build/opt/CMakeFiles/CMakeTmp'
/usr/bin/make -f CMakeFiles/cmTC_63f32.dir/build.make CMakeFiles/cmTC_63f32.dir/build
make[2]: Entering directory '/home/dongruishen/scarab/src/build/opt/CMakeFiles/CMakeTmp'
Building C object CMakeFiles/cmTC_63f32.dir/DR_DO_NOT_DEFINE_uint32.c.o
/usr/bin/gcc    -o CMakeFiles/cmTC_63f32.dir/DR_DO_NOT_DEFINE_uint32.c.o   -c /home/dongruishen/scarab/src/build/opt/CMakeFiles/CheckTypeSize/DR_DO_NOT_DEFINE_uint32.c
/home/dongruishen/scarab/src/build/opt/CMakeFiles/CheckTypeSize/DR_DO_NOT_DEFINE_uint32.c:23:22: error: 'uint32' undeclared here (not in a function); did you mean 'uint32_t'?
   23 | #define SIZE (sizeof(uint32))
      |                      ^~~~~~
/home/dongruishen/scarab/src/build/opt/CMakeFiles/CheckTypeSize/DR_DO_NOT_DEFINE_uint32.c:25:12: note: in expansion of macro 'SIZE'
   25 |   ('0' + ((SIZE / 10000)%10)),
      |            ^~~~
make[2]: *** [CMakeFiles/cmTC_63f32.dir/build.make:66: CMakeFiles/cmTC_63f32.dir/DR_DO_NOT_DEFINE_uint32.c.o] Error 1
make[2]: Leaving directory '/home/dongruishen/scarab/src/build/opt/CMakeFiles/CMakeTmp'
make[1]: *** [Makefile:121: cmTC_63f32/fast] Error 2
make[1]: Leaving directory '/home/dongruishen/scarab/src/build/opt/CMakeFiles/CMakeTmp'


/home/dongruishen/scarab/src/build/opt/CMakeFiles/CheckTypeSize/DR_DO_NOT_DEFINE_uint32.c:
#include <sys/types.h>
#include <stdint.h>
#include <stddef.h>


#undef KEY
#if defined(__i386)
# define KEY '_','_','i','3','8','6'
#elif defined(__x86_64)
# define KEY '_','_','x','8','6','_','6','4'
#elif defined(__ppc__)
# define KEY '_','_','p','p','c','_','_'
#elif defined(__ppc64__)
# define KEY '_','_','p','p','c','6','4','_','_'
#elif defined(__aarch64__)
# define KEY '_','_','a','a','r','c','h','6','4','_','_'
#elif defined(__ARM_ARCH_7A__)
# define KEY '_','_','A','R','M','_','A','R','C','H','_','7','A','_','_'
#elif defined(__ARM_ARCH_7S__)
# define KEY '_','_','A','R','M','_','A','R','C','H','_','7','S','_','_'
#endif

#define SIZE (sizeof(uint32))
static char info_size[] =  {'I', 'N', 'F', 'O', ':', 's','i','z','e','[',
  ('0' + ((SIZE / 10000)%10)),
  ('0' + ((SIZE / 1000)%10)),
  ('0' + ((SIZE / 100)%10)),
  ('0' + ((SIZE / 10)%10)),
  ('0' +  (SIZE    % 10)),
  ']',
#ifdef KEY
  ' ','k','e','y','[', KEY, ']',
#endif
  '\0'};

#ifdef __CLASSIC_C__
int main(argc, argv) int argc; char *argv[];
#else
int main(int argc, char *argv[])
#endif
{
  int require = 0;
  require += info_size[argc];
  (void)argv;
  return require;
}


Determining size of uint64 failed with the following output:
Change Dir: /home/dongruishen/scarab/src/build/opt/CMakeFiles/CMakeTmp

Run Build Command(s):/usr/bin/make cmTC_2f5f6/fast && make[1]: Entering directory '/home/dongruishen/scarab/src/build/opt/CMakeFiles/CMakeTmp'
/usr/bin/make -f CMakeFiles/cmTC_2f5f6.dir/build.make CMakeFiles/cmTC_2f5f6.dir/build
make[2]: Entering directory '/home/dongruishen/scarab/src/build/opt/CMakeFiles/CMakeTmp'
Building C object CMakeFiles/cmTC_2f5f6.dir/DR_DO_NOT_DEFINE_uint64.c.o
/usr/bin/gcc    -o CMakeFiles/cmTC_2f5f6.dir/DR_DO_NOT_DEFINE_uint64.c.o   -c /home/dongruishen/scarab/src/build/opt/CMakeFiles/CheckTypeSize/DR_DO_NOT_DEFINE_uint64.c
/home/dongruishen/scarab/src/build/opt/CMakeFiles/CheckTypeSize/DR_DO_NOT_DEFINE_uint64.c:23:22: error: 'uint64' undeclared here (not in a function); did you mean 'uint64_t'?
   23 | #define SIZE (sizeof(uint64))
      |                      ^~~~~~
/home/dongruishen/scarab/src/build/opt/CMakeFiles/CheckTypeSize/DR_DO_NOT_DEFINE_uint64.c:25:12: note: in expansion of macro 'SIZE'
   25 |   ('0' + ((SIZE / 10000)%10)),
      |            ^~~~
make[2]: *** [CMakeFiles/cmTC_2f5f6.dir/build.make:66: CMakeFiles/cmTC_2f5f6.dir/DR_DO_NOT_DEFINE_uint64.c.o] Error 1
make[2]: Leaving directory '/home/dongruishen/scarab/src/build/opt/CMakeFiles/CMakeTmp'
make[1]: *** [Makefile:121: cmTC_2f5f6/fast] Error 2
make[1]: Leaving directory '/home/dongruishen/scarab/src/build/opt/CMakeFiles/CMakeTmp'


/home/dongruishen/scarab/src/build/opt/CMakeFiles/CheckTypeSize/DR_DO_NOT_DEFINE_uint64.c:
#include <sys/types.h>
#include <stdint.h>
#include <stddef.h>


#undef KEY
#if defined(__i386)
# define KEY '_','_','i','3','8','6'
#elif defined(__x86_64)
# define KEY '_','_','x','8','6','_','6','4'
#elif defined(__ppc__)
# define KEY '_','_','p','p','c','_','_'
#elif defined(__ppc64__)
# define KEY '_','_','p','p','c','6','4','_','_'
#elif defined(__aarch64__)
# define KEY '_','_','a','a','r','c','h','6','4','_','_'
#elif defined(__ARM_ARCH_7A__)
# define KEY '_','_','A','R','M','_','A','R','C','H','_','7','A','_','_'
#elif defined(__ARM_ARCH_7S__)
# define KEY '_','_','A','R','M','_','A','R','C','H','_','7','S','_','_'
#endif

#define SIZE (sizeof(uint64))
static char info_size[] =  {'I', 'N', 'F', 'O', ':', 's','i','z','e','[',
  ('0' + ((SIZE / 10000)%10)),
  ('0' + ((SIZE / 1000)%10)),
  ('0' + ((SIZE / 100)%10)),
  ('0' + ((SIZE / 10)%10)),
  ('0' +  (SIZE    % 10)),
  ']',
#ifdef KEY
  ' ','k','e','y','[', KEY, ']',
#endif
  '\0'};

#ifdef __CLASSIC_C__
int main(argc, argv) int argc; char *argv[];
#else
int main(int argc, char *argv[])
#endif
{
  int require = 0;
  require += info_size[argc];
  (void)argv;
  return require;
}


Determining size of int32 failed with the following output:
Change Dir: /home/dongruishen/scarab/src/build/opt/CMakeFiles/CMakeTmp

Run Build Command(s):/usr/bin/make cmTC_69a80/fast && make[1]: Entering directory '/home/dongruishen/scarab/src/build/opt/CMakeFiles/CMakeTmp'
/usr/bin/make -f CMakeFiles/cmTC_69a80.dir/build.make CMakeFiles/cmTC_69a80.dir/build
make[2]: Entering directory '/home/dongruishen/scarab/src/build/opt/CMakeFiles/CMakeTmp'
Building C object CMakeFiles/cmTC_69a80.dir/DR_DO_NOT_DEFINE_int32.c.o
/usr/bin/gcc    -o CMakeFiles/cmTC_69a80.dir/DR_DO_NOT_DEFINE_int32.c.o   -c /home/dongruishen/scarab/src/build/opt/CMakeFiles/CheckTypeSize/DR_DO_NOT_DEFINE_int32.c
/home/dongruishen/scarab/src/build/opt/CMakeFiles/CheckTypeSize/DR_DO_NOT_DEFINE_int32.c:23:22: error: 'int32' undeclared here (not in a function); did you mean 'int32_t'?
   23 | #define SIZE (sizeof(int32))
      |                      ^~~~~
/home/dongruishen/scarab/src/build/opt/CMakeFiles/CheckTypeSize/DR_DO_NOT_DEFINE_int32.c:25:12: note: in expansion of macro 'SIZE'
   25 |   ('0' + ((SIZE / 10000)%10)),
      |            ^~~~
make[2]: *** [CMakeFiles/cmTC_69a80.dir/build.make:66: CMakeFiles/cmTC_69a80.dir/DR_DO_NOT_DEFINE_int32.c.o] Error 1
make[2]: Leaving directory '/home/dongruishen/scarab/src/build/opt/CMakeFiles/CMakeTmp'
make[1]: *** [Makefile:121: cmTC_69a80/fast] Error 2
make[1]: Leaving directory '/home/dongruishen/scarab/src/build/opt/CMakeFiles/CMakeTmp'


/home/dongruishen/scarab/src/build/opt/CMakeFiles/CheckTypeSize/DR_DO_NOT_DEFINE_int32.c:
#include <sys/types.h>
#include <stdint.h>
#include <stddef.h>


#undef KEY
#if defined(__i386)
# define KEY '_','_','i','3','8','6'
#elif defined(__x86_64)
# define KEY '_','_','x','8','6','_','6','4'
#elif defined(__ppc__)
# define KEY '_','_','p','p','c','_','_'
#elif defined(__ppc64__)
# define KEY '_','_','p','p','c','6','4','_','_'
#elif defined(__aarch64__)
# define KEY '_','_','a','a','r','c','h','6','4','_','_'
#elif defined(__ARM_ARCH_7A__)
# define KEY '_','_','A','R','M','_','A','R','C','H','_','7','A','_','_'
#elif defined(__ARM_ARCH_7S__)
# define KEY '_','_','A','R','M','_','A','R','C','H','_','7','S','_','_'
#endif

#define SIZE (sizeof(int32))
static char info_size[] =  {'I', 'N', 'F', 'O', ':', 's','i','z','e','[',
  ('0' + ((SIZE / 10000)%10)),
  ('0' + ((SIZE / 1000)%10)),
  ('0' + ((SIZE / 100)%10)),
  ('0' + ((SIZE / 10)%10)),
  ('0' +  (SIZE    % 10)),
  ']',
#ifdef KEY
  ' ','k','e','y','[', KEY, ']',
#endif
  '\0'};

#ifdef __CLASSIC_C__
int main(argc, argv) int argc; char *argv[];
#else
int main(int argc, char *argv[])
#endif
{
  int require = 0;
  require += info_size[argc];
  (void)argv;
  return require;
}


Determining size of int64 failed with the following output:
Change Dir: /home/dongruishen/scarab/src/build/opt/CMakeFiles/CMakeTmp

Run Build Command(s):/usr/bin/make cmTC_f4773/fast && make[1]: Entering directory '/home/dongruishen/scarab/src/build/opt/CMakeFiles/CMakeTmp'
/usr/bin/make -f CMakeFiles/cmTC_f4773.dir/build.make CMakeFiles/cmTC_f4773.dir/build
make[2]: Entering directory '/home/dongruishen/scarab/src/build/opt/CMakeFiles/CMakeTmp'
Building C object CMakeFiles/cmTC_f4773.dir/DR_DO_NOT_DEFINE_int64.c.o
/usr/bin/gcc    -o CMakeFiles/cmTC_f4773.dir/DR_DO_NOT_DEFINE_int64.c.o   -c /home/dongruishen/scarab/src/build/opt/CMakeFiles/CheckTypeSize/DR_DO_NOT_DEFINE_int64.c
/home/dongruishen/scarab/src/build/opt/CMakeFiles/CheckTypeSize/DR_DO_NOT_DEFINE_int64.c:23:22: error: 'int64' undeclared here (not in a function); did you mean 'int64_t'?
   23 | #define SIZE (sizeof(int64))
      |                      ^~~~~
/home/dongruishen/scarab/src/build/opt/CMakeFiles/CheckTypeSize/DR_DO_NOT_DEFINE_int64.c:25:12: note: in expansion of macro 'SIZE'
   25 |   ('0' + ((SIZE / 10000)%10)),
      |            ^~~~
make[2]: *** [CMakeFiles/cmTC_f4773.dir/build.make:66: CMakeFiles/cmTC_f4773.dir/DR_DO_NOT_DEFINE_int64.c.o] Error 1
make[2]: Leaving directory '/home/dongruishen/scarab/src/build/opt/CMakeFiles/CMakeTmp'
make[1]: *** [Makefile:121: cmTC_f4773/fast] Error 2
make[1]: Leaving directory '/home/dongruishen/scarab/src/build/opt/CMakeFiles/CMakeTmp'


/home/dongruishen/scarab/src/build/opt/CMakeFiles/CheckTypeSize/DR_DO_NOT_DEFINE_int64.c:
#include <sys/types.h>
#include <stdint.h>
#include <stddef.h>


#undef KEY
#if defined(__i386)
# define KEY '_','_','i','3','8','6'
#elif defined(__x86_64)
# define KEY '_','_','x','8','6','_','6','4'
#elif defined(__ppc__)
# define KEY '_','_','p','p','c','_','_'
#elif defined(__ppc64__)
# define KEY '_','_','p','p','c','6','4','_','_'
#elif defined(__aarch64__)
# define KEY '_','_','a','a','r','c','h','6','4','_','_'
#elif defined(__ARM_ARCH_7A__)
# define KEY '_','_','A','R','M','_','A','R','C','H','_','7','A','_','_'
#elif defined(__ARM_ARCH_7S__)
# define KEY '_','_','A','R','M','_','A','R','C','H','_','7','S','_','_'
#endif

#define SIZE (sizeof(int64))
static char info_size[] =  {'I', 'N', 'F', 'O', ':', 's','i','z','e','[',
  ('0' + ((SIZE / 10000)%10)),
  ('0' + ((SIZE / 1000)%10)),
  ('0' + ((SIZE / 100)%10)),
  ('0' + ((SIZE / 10)%10)),
  ('0' +  (SIZE    % 10)),
  ']',
#ifdef KEY
  ' ','k','e','y','[', KEY, ']',
#endif
  '\0'};

#ifdef __CLASSIC_C__
int main(argc, argv) int argc; char *argv[];
#else
int main(int argc, char *argv[])
#endif
{
  int require = 0;
  require += info_size[argc];
  (void)argv;
  return require;
}


